<?xml version="1.0" encoding="UTF-8"?>
<testng-results skipped="0" failed="0" ignored="0" total="1" passed="1">
  <reporter-output>
  </reporter-output>
  <suite name="Default suite" duration-ms="6988" started-at="2020-11-06T01:54:03Z" finished-at="2020-11-06T01:54:10Z">
    <groups>
    </groups>
    <test name="Default test" duration-ms="6988" started-at="2020-11-06T01:54:03Z" finished-at="2020-11-06T01:54:10Z">
      <class name="com.acti.base.DriverScript">
        <test-method status="PASS" signature="initBrowser()[pri:0, instance:com.acti.base.DriverScript@5622fdf]" name="initBrowser" duration-ms="6938" started-at="2020-11-06T01:54:03Z" finished-at="2020-11-06T01:54:10Z">
          <reporter-output>
          </reporter-output>
        </test-method> <!-- initBrowser -->
      </class> <!-- com.acti.base.DriverScript -->
    </test> <!-- Default test -->
  </suite> <!-- Default suite -->
</testng-results>
